2022-10-28 09:38:22 [HikariPool-1 housekeeper] WARN  : HikariPool-1 - Thread starvation or clock leap detected (housekeeper delta=14h4m27s207ms566µs400ns).
2022-10-28 09:53:15 [HikariPool-1 housekeeper] WARN  : HikariPool-1 - Thread starvation or clock leap detected (housekeeper delta=11m21s187ms256µs600ns).
2022-10-28 10:03:18 [File Watcher] INFO  : Restarting due to 1 class path change (0 additions, 0 deletions, 1 modification)
2022-10-28 10:03:18 [Thread-4] INFO  : Pausing ProtocolHandler ["http-nio-9000"]
2022-10-28 10:03:18 [Thread-4] INFO  : Stopping service [Tomcat]
2022-10-28 10:03:18 [Thread-4] INFO  : Destroying Spring FrameworkServlet 'dispatcherServlet'
2022-10-28 10:03:18 [Thread-4] INFO  : Stopping ProtocolHandler ["http-nio-9000"]
2022-10-28 10:03:18 [Thread-4] INFO  : Destroying ProtocolHandler ["http-nio-9000"]
2022-10-28 10:03:18 [Thread-4] INFO  : Closing JPA EntityManagerFactory for persistence unit 'default'
2022-10-28 10:03:18 [Thread-4] INFO  : HikariPool-1 - Shutdown initiated...
2022-10-28 10:03:18 [Thread-4] INFO  : HikariPool-1 - Shutdown completed.
2022-10-28 10:03:19 [restartedMain] INFO  : Starting EmployeeManagementApplication using Java 17.0.4.1 on DESKTOP-KKFDHJN with PID 17180 (C:\Users\Dell\Desktop\Employee\employeeManagement.zip_expanded\employeeManagement\target\classes started by Dell in C:\Users\Dell\Desktop\Employee\employeeManagement.zip_expanded\employeeManagement)
2022-10-28 10:03:19 [restartedMain] INFO  : No active profile set, falling back to 1 default profile: "default"
2022-10-28 10:03:19 [restartedMain] INFO  : Multiple Spring Data modules found, entering strict repository configuration mode
2022-10-28 10:03:19 [restartedMain] INFO  : Bootstrapping Spring Data JPA repositories in DEFAULT mode.
2022-10-28 10:03:19 [restartedMain] INFO  : Spring Data JPA - Could not safely identify store assignment for repository candidate interface com.te.employeeManagement.EmpRepositary.EmpDetailsRepo; If you want this repository to be a JPA repository, consider annotating your entities with one of these annotations: javax.persistence.Entity, javax.persistence.MappedSuperclass (preferred), or consider extending one of the following types with your repository: org.springframework.data.jpa.repository.JpaRepository
2022-10-28 10:03:19 [restartedMain] INFO  : Finished Spring Data repository scanning in 19 ms. Found 1 JPA repository interfaces.
2022-10-28 10:03:19 [restartedMain] INFO  : Multiple Spring Data modules found, entering strict repository configuration mode
2022-10-28 10:03:19 [restartedMain] INFO  : Bootstrapping Spring Data MongoDB repositories in DEFAULT mode.
2022-10-28 10:03:19 [restartedMain] INFO  : Spring Data MongoDB - Could not safely identify store assignment for repository candidate interface com.te.employeeManagement.EmpRepositary.EmpRepo; If you want this repository to be a MongoDB repository, consider annotating your entities with one of these annotations: org.springframework.data.mongodb.core.mapping.Document (preferred), or consider extending one of the following types with your repository: org.springframework.data.mongodb.repository.MongoRepository
2022-10-28 10:03:19 [restartedMain] INFO  : Finished Spring Data repository scanning in 12 ms. Found 1 MongoDB repository interfaces.
2022-10-28 10:03:20 [restartedMain] INFO  : Tomcat initialized with port(s): 9000 (http)
2022-10-28 10:03:20 [restartedMain] INFO  : Initializing ProtocolHandler ["http-nio-9000"]
2022-10-28 10:03:20 [restartedMain] INFO  : Starting service [Tomcat]
2022-10-28 10:03:20 [restartedMain] INFO  : Starting Servlet engine: [Apache Tomcat/9.0.65]
2022-10-28 10:03:20 [restartedMain] INFO  : Initializing Spring embedded WebApplicationContext
2022-10-28 10:03:20 [restartedMain] INFO  : Root WebApplicationContext: initialization completed in 1605 ms
2022-10-28 10:03:20 [restartedMain] INFO  : HHH000204: Processing PersistenceUnitInfo [name: default]
2022-10-28 10:03:20 [restartedMain] INFO  : HikariPool-2 - Starting...
2022-10-28 10:03:21 [restartedMain] INFO  : HikariPool-2 - Start completed.
2022-10-28 10:03:21 [restartedMain] INFO  : HHH000400: Using dialect: org.hibernate.dialect.MySQL8Dialect
2022-10-28 10:03:22 [restartedMain] INFO  : HHH000490: Using JtaPlatform implementation: [org.hibernate.engine.transaction.jta.platform.internal.NoJtaPlatform]
2022-10-28 10:03:22 [restartedMain] INFO  : Initialized JPA EntityManagerFactory for persistence unit 'default'
2022-10-28 10:03:22 [restartedMain] INFO  : MongoClient with metadata {"driver": {"name": "mongo-java-driver|sync|spring-boot", "version": "4.6.1"}, "os": {"type": "Windows", "name": "Windows 10", "architecture": "amd64", "version": "10.0"}, "platform": "Java/Eclipse Adoptium/17.0.4.1+1"} created with settings MongoClientSettings{readPreference=primary, writeConcern=WriteConcern{w=null, wTimeout=null ms, journal=null}, retryWrites=true, retryReads=true, readConcern=ReadConcern{level=null}, credential=null, streamFactoryFactory=null, commandListeners=[], codecRegistry=ProvidersCodecRegistry{codecProviders=[ValueCodecProvider{}, BsonValueCodecProvider{}, DBRefCodecProvider{}, DBObjectCodecProvider{}, DocumentCodecProvider{}, IterableCodecProvider{}, MapCodecProvider{}, GeoJsonCodecProvider{}, GridFSFileCodecProvider{}, Jsr310CodecProvider{}, JsonObjectCodecProvider{}, BsonCodecProvider{}, EnumCodecProvider{}, com.mongodb.Jep395RecordCodecProvider@1178e00d]}, clusterSettings={hosts=[localhost:27017], srvServiceName=mongodb, mode=SINGLE, requiredClusterType=UNKNOWN, requiredReplicaSetName='null', serverSelector='null', clusterListeners='[]', serverSelectionTimeout='30000 ms', localThreshold='30000 ms'}, socketSettings=SocketSettings{connectTimeoutMS=10000, readTimeoutMS=0, receiveBufferSize=0, sendBufferSize=0}, heartbeatSocketSettings=SocketSettings{connectTimeoutMS=10000, readTimeoutMS=10000, receiveBufferSize=0, sendBufferSize=0}, connectionPoolSettings=ConnectionPoolSettings{maxSize=100, minSize=0, maxWaitTimeMS=120000, maxConnectionLifeTimeMS=0, maxConnectionIdleTimeMS=0, maintenanceInitialDelayMS=0, maintenanceFrequencyMS=60000, connectionPoolListeners=[], maxConnecting=2}, serverSettings=ServerSettings{heartbeatFrequencyMS=10000, minHeartbeatFrequencyMS=500, serverListeners='[]', serverMonitorListeners='[]'}, sslSettings=SslSettings{enabled=false, invalidHostNameAllowed=false, context=null}, applicationName='null', compressorList=[], uuidRepresentation=JAVA_LEGACY, serverApi=null, autoEncryptionSettings=null, contextProvider=null}
2022-10-28 10:03:22 [restartedMain] INFO  : LiveReload server is running on port 35729
2022-10-28 10:03:22 [cluster-ClusterId{value='635b5b92cb98ad263e7cfbbc', description='null'}-localhost:27017] INFO  : Opened connection [connectionId{localValue:3, serverValue:27}] to localhost:27017
2022-10-28 10:03:22 [cluster-rtt-ClusterId{value='635b5b92cb98ad263e7cfbbc', description='null'}-localhost:27017] INFO  : Opened connection [connectionId{localValue:4, serverValue:26}] to localhost:27017
2022-10-28 10:03:22 [cluster-ClusterId{value='635b5b92cb98ad263e7cfbbc', description='null'}-localhost:27017] INFO  : Monitor thread successfully connected to server with description ServerDescription{address=localhost:27017, type=STANDALONE, state=CONNECTED, ok=true, minWireVersion=0, maxWireVersion=17, maxDocumentSize=16777216, logicalSessionTimeoutMinutes=30, roundTripTimeNanos=43343400}
2022-10-28 10:03:22 [restartedMain] WARN  : spring.jpa.open-in-view is enabled by default. Therefore, database queries may be performed during view rendering. Explicitly configure spring.jpa.open-in-view to disable this warning
2022-10-28 10:03:23 [restartedMain] INFO  : Starting ProtocolHandler ["http-nio-9000"]
2022-10-28 10:03:23 [restartedMain] INFO  : Tomcat started on port(s): 9000 (http) with context path ''
2022-10-28 10:03:23 [restartedMain] INFO  : Started EmployeeManagementApplication in 4.351 seconds (JVM running for 53253.633)
2022-10-28 10:03:23 [restartedMain] INFO  : Condition evaluation unchanged
2022-10-28 10:03:24 [File Watcher] INFO  : Restarting due to 1 class path change (0 additions, 0 deletions, 1 modification)
2022-10-28 10:03:24 [Thread-7] INFO  : Pausing ProtocolHandler ["http-nio-9000"]
2022-10-28 10:03:24 [Thread-7] INFO  : Stopping service [Tomcat]
2022-10-28 10:03:24 [Thread-7] INFO  : Stopping ProtocolHandler ["http-nio-9000"]
2022-10-28 10:03:24 [Thread-7] INFO  : Destroying ProtocolHandler ["http-nio-9000"]
2022-10-28 10:03:24 [Thread-7] INFO  : Closing JPA EntityManagerFactory for persistence unit 'default'
2022-10-28 10:03:24 [Thread-7] INFO  : HikariPool-2 - Shutdown initiated...
2022-10-28 10:03:24 [Thread-7] INFO  : HikariPool-2 - Shutdown completed.
2022-10-28 10:03:24 [restartedMain] INFO  : Starting EmployeeManagementApplication using Java 17.0.4.1 on DESKTOP-KKFDHJN with PID 17180 (C:\Users\Dell\Desktop\Employee\employeeManagement.zip_expanded\employeeManagement\target\classes started by Dell in C:\Users\Dell\Desktop\Employee\employeeManagement.zip_expanded\employeeManagement)
2022-10-28 10:03:24 [restartedMain] INFO  : No active profile set, falling back to 1 default profile: "default"
2022-10-28 10:03:25 [restartedMain] INFO  : Multiple Spring Data modules found, entering strict repository configuration mode
2022-10-28 10:03:25 [restartedMain] INFO  : Bootstrapping Spring Data JPA repositories in DEFAULT mode.
2022-10-28 10:03:25 [restartedMain] INFO  : Spring Data JPA - Could not safely identify store assignment for repository candidate interface com.te.employeeManagement.EmpRepositary.EmpDetailsRepo; If you want this repository to be a JPA repository, consider annotating your entities with one of these annotations: javax.persistence.Entity, javax.persistence.MappedSuperclass (preferred), or consider extending one of the following types with your repository: org.springframework.data.jpa.repository.JpaRepository
2022-10-28 10:03:25 [restartedMain] INFO  : Finished Spring Data repository scanning in 22 ms. Found 1 JPA repository interfaces.
2022-10-28 10:03:25 [restartedMain] INFO  : Multiple Spring Data modules found, entering strict repository configuration mode
2022-10-28 10:03:25 [restartedMain] INFO  : Bootstrapping Spring Data MongoDB repositories in DEFAULT mode.
2022-10-28 10:03:25 [restartedMain] INFO  : Spring Data MongoDB - Could not safely identify store assignment for repository candidate interface com.te.employeeManagement.EmpRepositary.EmpRepo; If you want this repository to be a MongoDB repository, consider annotating your entities with one of these annotations: org.springframework.data.mongodb.core.mapping.Document (preferred), or consider extending one of the following types with your repository: org.springframework.data.mongodb.repository.MongoRepository
2022-10-28 10:03:25 [restartedMain] INFO  : Finished Spring Data repository scanning in 13 ms. Found 1 MongoDB repository interfaces.
2022-10-28 10:03:25 [restartedMain] INFO  : Tomcat initialized with port(s): 9000 (http)
2022-10-28 10:03:25 [restartedMain] INFO  : Initializing ProtocolHandler ["http-nio-9000"]
2022-10-28 10:03:25 [restartedMain] INFO  : Starting service [Tomcat]
2022-10-28 10:03:25 [restartedMain] INFO  : Starting Servlet engine: [Apache Tomcat/9.0.65]
2022-10-28 10:03:25 [restartedMain] INFO  : Initializing Spring embedded WebApplicationContext
2022-10-28 10:03:25 [restartedMain] INFO  : Root WebApplicationContext: initialization completed in 684 ms
2022-10-28 10:03:25 [restartedMain] INFO  : HHH000204: Processing PersistenceUnitInfo [name: default]
2022-10-28 10:03:25 [restartedMain] INFO  : HikariPool-3 - Starting...
2022-10-28 10:03:25 [restartedMain] INFO  : HikariPool-3 - Start completed.
2022-10-28 10:03:25 [restartedMain] INFO  : HHH000400: Using dialect: org.hibernate.dialect.MySQL8Dialect
2022-10-28 10:03:26 [restartedMain] INFO  : HHH000490: Using JtaPlatform implementation: [org.hibernate.engine.transaction.jta.platform.internal.NoJtaPlatform]
2022-10-28 10:03:26 [restartedMain] INFO  : Initialized JPA EntityManagerFactory for persistence unit 'default'
2022-10-28 10:03:26 [restartedMain] INFO  : MongoClient with metadata {"driver": {"name": "mongo-java-driver|sync|spring-boot", "version": "4.6.1"}, "os": {"type": "Windows", "name": "Windows 10", "architecture": "amd64", "version": "10.0"}, "platform": "Java/Eclipse Adoptium/17.0.4.1+1"} created with settings MongoClientSettings{readPreference=primary, writeConcern=WriteConcern{w=null, wTimeout=null ms, journal=null}, retryWrites=true, retryReads=true, readConcern=ReadConcern{level=null}, credential=null, streamFactoryFactory=null, commandListeners=[], codecRegistry=ProvidersCodecRegistry{codecProviders=[ValueCodecProvider{}, BsonValueCodecProvider{}, DBRefCodecProvider{}, DBObjectCodecProvider{}, DocumentCodecProvider{}, IterableCodecProvider{}, MapCodecProvider{}, GeoJsonCodecProvider{}, GridFSFileCodecProvider{}, Jsr310CodecProvider{}, JsonObjectCodecProvider{}, BsonCodecProvider{}, EnumCodecProvider{}, com.mongodb.Jep395RecordCodecProvider@1178e00d]}, clusterSettings={hosts=[localhost:27017], srvServiceName=mongodb, mode=SINGLE, requiredClusterType=UNKNOWN, requiredReplicaSetName='null', serverSelector='null', clusterListeners='[]', serverSelectionTimeout='30000 ms', localThreshold='30000 ms'}, socketSettings=SocketSettings{connectTimeoutMS=10000, readTimeoutMS=0, receiveBufferSize=0, sendBufferSize=0}, heartbeatSocketSettings=SocketSettings{connectTimeoutMS=10000, readTimeoutMS=10000, receiveBufferSize=0, sendBufferSize=0}, connectionPoolSettings=ConnectionPoolSettings{maxSize=100, minSize=0, maxWaitTimeMS=120000, maxConnectionLifeTimeMS=0, maxConnectionIdleTimeMS=0, maintenanceInitialDelayMS=0, maintenanceFrequencyMS=60000, connectionPoolListeners=[], maxConnecting=2}, serverSettings=ServerSettings{heartbeatFrequencyMS=10000, minHeartbeatFrequencyMS=500, serverListeners='[]', serverMonitorListeners='[]'}, sslSettings=SslSettings{enabled=false, invalidHostNameAllowed=false, context=null}, applicationName='null', compressorList=[], uuidRepresentation=JAVA_LEGACY, serverApi=null, autoEncryptionSettings=null, contextProvider=null}
2022-10-28 10:03:26 [cluster-rtt-ClusterId{value='635b5b96cb98ad263e7cfbbd', description='null'}-localhost:27017] INFO  : Opened connection [connectionId{localValue:6, serverValue:28}] to localhost:27017
2022-10-28 10:03:26 [cluster-ClusterId{value='635b5b96cb98ad263e7cfbbd', description='null'}-localhost:27017] INFO  : Opened connection [connectionId{localValue:5, serverValue:29}] to localhost:27017
2022-10-28 10:03:26 [cluster-ClusterId{value='635b5b96cb98ad263e7cfbbd', description='null'}-localhost:27017] INFO  : Monitor thread successfully connected to server with description ServerDescription{address=localhost:27017, type=STANDALONE, state=CONNECTED, ok=true, minWireVersion=0, maxWireVersion=17, maxDocumentSize=16777216, logicalSessionTimeoutMinutes=30, roundTripTimeNanos=5439100}
2022-10-28 10:03:26 [restartedMain] INFO  : LiveReload server is running on port 35729
2022-10-28 10:03:26 [restartedMain] WARN  : spring.jpa.open-in-view is enabled by default. Therefore, database queries may be performed during view rendering. Explicitly configure spring.jpa.open-in-view to disable this warning
2022-10-28 10:03:27 [restartedMain] INFO  : Starting ProtocolHandler ["http-nio-9000"]
2022-10-28 10:03:27 [restartedMain] INFO  : Tomcat started on port(s): 9000 (http) with context path ''
2022-10-28 10:03:27 [restartedMain] INFO  : Started EmployeeManagementApplication in 2.307 seconds (JVM running for 53257.604)
2022-10-28 10:03:27 [restartedMain] INFO  : Condition evaluation unchanged
2022-10-28 10:04:24 [File Watcher] INFO  : Restarting due to 24 class path changes (0 additions, 24 deletions, 0 modifications)
2022-10-28 10:04:24 [Thread-11] INFO  : Pausing ProtocolHandler ["http-nio-9000"]
2022-10-28 10:04:24 [Thread-11] INFO  : Stopping service [Tomcat]
2022-10-28 10:04:24 [Thread-11] INFO  : Stopping ProtocolHandler ["http-nio-9000"]
2022-10-28 10:04:24 [Thread-11] INFO  : Destroying ProtocolHandler ["http-nio-9000"]
2022-10-28 10:04:24 [Thread-11] INFO  : Closing JPA EntityManagerFactory for persistence unit 'default'
2022-10-28 10:04:24 [Thread-11] INFO  : HikariPool-3 - Shutdown initiated...
2022-10-28 10:04:24 [Thread-11] INFO  : HikariPool-3 - Shutdown completed.
